<?xml version="1.0" encoding="UTF-8"?>
<testsuites name="Mocha Tests" time="94.7550" tests="3" failures="1">
  <testsuite name="Root Suite" timestamp="2025-05-16T20:51:31" tests="0" file="cypress/e2e/bvt.cy.ts" time="0.0000" failures="0">
  </testsuite>
  <testsuite name="Monitoring: Alerts" timestamp="2025-05-16T20:51:31" tests="3" time="94.7550" failures="1">
    <testcase name="Monitoring: Alerts 1. Admin perspective - Observe Menu" time="62.6950" classname="1. Admin perspective - Observe Menu">
    </testcase>
    <testcase name="Monitoring: Alerts 2. Admin perspective - Alerting &gt; Alerting Details page &gt; Alerting Rule &gt; Metrics" time="32.0600" classname="2. Admin perspective - Alerting &gt; Alerting Details page &gt; Alerting Rule &gt; Metrics">
    </testcase>
    <testcase name="Monitoring: Alerts 3. Admin perspective - Creates and expires a Silence" time="0.0000" classname="3. Admin perspective - Creates and expires a Silence">
      <failure message="Timed out retrying after 60000ms: `cy.type()` failed because the page updated while this command was executing. Cypress tried to locate elements based on this query:

&gt; &lt;input&gt;

We initially found matching element(s), but while waiting for them to become actionable, they disappeared from the page. Common situations why this happens:
  - Your JS framework re-rendered asynchronously
  - Your app code reacted to an event firing and removed the element

You can typically solve this by breaking up a chain. For example, rewrite:

&gt; `cy.get(&apos;button&apos;).click().click()`

to

&gt; `cy.get(&apos;button&apos;).as(&apos;btn&apos;).click()`
&gt; `cy.get(&apos;@btn&apos;).click()`

https://on.cypress.io/element-has-detached-from-dom" type="CypressError"><![CDATA[CypressError: Timed out retrying after 60000ms: `cy.type()` failed because the page updated while this command was executing. Cypress tried to locate elements based on this query:

> <input>

We initially found matching element(s), but while waiting for them to become actionable, they disappeared from the page. Common situations why this happens:
  - Your JS framework re-rendered asynchronously
  - Your app code reacted to an event firing and removed the element

You can typically solve this by breaking up a chain. For example, rewrite:

> `cy.get('button').click().click()`

to

> `cy.get('button').as('btn').click()`
> `cy.get('@btn').click()`

https://on.cypress.io/element-has-detached-from-dom
    at retryActionability (https://console-openshift-console.apps.emurasak-419a.qe.devcluster.openshift.com/__cypress/runner/cypress_runner.js:113473:74)
    at tryCatcher (https://console-openshift-console.apps.emurasak-419a.qe.devcluster.openshift.com/__cypress/runner/cypress_runner.js:1777:23)
    at Promise.attempt.Promise.try (https://console-openshift-console.apps.emurasak-419a.qe.devcluster.openshift.com/__cypress/runner/cypress_runner.js:4285:29)
    at whenStable (https://console-openshift-console.apps.emurasak-419a.qe.devcluster.openshift.com/__cypress/runner/cypress_runner.js:145846:68)
    at <unknown> (https://console-openshift-console.apps.emurasak-419a.qe.devcluster.openshift.com/__cypress/runner/cypress_runner.js:145787:14)
    at tryCatcher (https://console-openshift-console.apps.emurasak-419a.qe.devcluster.openshift.com/__cypress/runner/cypress_runner.js:1777:23)
    at Promise._settlePromiseFromHandler (https://console-openshift-console.apps.emurasak-419a.qe.devcluster.openshift.com/__cypress/runner/cypress_runner.js:1489:31)
    at Promise._settlePromise (https://console-openshift-console.apps.emurasak-419a.qe.devcluster.openshift.com/__cypress/runner/cypress_runner.js:1546:18)
    at Promise._settlePromise0 (https://console-openshift-console.apps.emurasak-419a.qe.devcluster.openshift.com/__cypress/runner/cypress_runner.js:1591:10)
    at Promise._settlePromises (https://console-openshift-console.apps.emurasak-419a.qe.devcluster.openshift.com/__cypress/runner/cypress_runner.js:1671:18)
    at Promise._fulfill (https://console-openshift-console.apps.emurasak-419a.qe.devcluster.openshift.com/__cypress/runner/cypress_runner.js:1615:18)
    at <unknown> (https://console-openshift-console.apps.emurasak-419a.qe.devcluster.openshift.com/__cypress/runner/cypress_runner.js:5420:46)]]></failure>
    </testcase>
  </testsuite>
</testsuites>