<?xml version="1.0" encoding="UTF-8"?>
<testsuites name="Mocha Tests" time="78.6360" tests="3" failures="1">
  <testsuite name="Root Suite" timestamp="2025-05-16T20:43:49" tests="0" file="cypress/e2e/bvt.cy.ts" time="0.0000" failures="0">
  </testsuite>
  <testsuite name="Monitoring: Alerts" timestamp="2025-05-16T20:43:49" tests="3" time="78.6360" failures="1">
    <testcase name="Monitoring: Alerts 1. Admin perspective - Observe Menu" time="63.1440" classname="1. Admin perspective - Observe Menu">
    </testcase>
    <testcase name="Monitoring: Alerts 2. Admin perspective - Alerting &gt; Alerting Details page &gt; Alerting Rule &gt; Metrics" time="15.4920" classname="2. Admin perspective - Alerting &gt; Alerting Details page &gt; Alerting Rule &gt; Metrics">
    </testcase>
    <testcase name="Monitoring: Alerts 3. Admin perspective - Creates and expires a Silence" time="0.0000" classname="3. Admin perspective - Creates and expires a Silence">
      <failure message="`cy.type()` failed because it targeted a disabled element.

The element typed into was:

  &gt; &lt;input data-test=&quot;name-filter-input&quot; data-test-id=&quot;item-filter&quot; aria-label=&quot;Search by name...&quot; tabindex=&quot;0&quot; type=&quot;text&quot; aria-invalid=&quot;false&quot; placeholder=&quot;Search by name...&quot; data-ouia-component-type=&quot;PF6/TextInput&quot; data-ouia-safe=&quot;true&quot; data-ouia-component-id=&quot;OUIA-Generated-TextInputBase-5&quot; value=&quot;&quot;&gt;

Ensure the element does not have an attribute named `disabled` before typing into it.

https://on.cypress.io/type" type="CypressError"><![CDATA[CypressError: `cy.type()` failed because it targeted a disabled element.

The element typed into was:

  > <input data-test="name-filter-input" data-test-id="item-filter" aria-label="Search by name..." tabindex="0" type="text" aria-invalid="false" placeholder="Search by name..." data-ouia-component-type="PF6/TextInput" data-ouia-safe="true" data-ouia-component-id="OUIA-Generated-TextInputBase-5" value="">

Ensure the element does not have an attribute named `disabled` before typing into it.

https://on.cypress.io/type
    at <unknown> (https://console-openshift-console.apps.emurasak-419a.qe.devcluster.openshift.com/__cypress/runner/cypress_runner.js:115810:78)
    at tryCatcher (https://console-openshift-console.apps.emurasak-419a.qe.devcluster.openshift.com/__cypress/runner/cypress_runner.js:1777:23)
    at Promise._settlePromiseFromHandler (https://console-openshift-console.apps.emurasak-419a.qe.devcluster.openshift.com/__cypress/runner/cypress_runner.js:1489:31)
    at Promise._settlePromise (https://console-openshift-console.apps.emurasak-419a.qe.devcluster.openshift.com/__cypress/runner/cypress_runner.js:1546:18)
    at Promise._settlePromise0 (https://console-openshift-console.apps.emurasak-419a.qe.devcluster.openshift.com/__cypress/runner/cypress_runner.js:1591:10)
    at Promise._settlePromises (https://console-openshift-console.apps.emurasak-419a.qe.devcluster.openshift.com/__cypress/runner/cypress_runner.js:1671:18)
    at _drainQueueStep (https://console-openshift-console.apps.emurasak-419a.qe.devcluster.openshift.com/__cypress/runner/cypress_runner.js:2377:12)
    at _drainQueue (https://console-openshift-console.apps.emurasak-419a.qe.devcluster.openshift.com/__cypress/runner/cypress_runner.js:2370:9)
    at Async._drainQueues (https://console-openshift-console.apps.emurasak-419a.qe.devcluster.openshift.com/__cypress/runner/cypress_runner.js:2386:5)
    at Async.drainQueues (https://console-openshift-console.apps.emurasak-419a.qe.devcluster.openshift.com/__cypress/runner/cypress_runner.js:2256:14)]]></failure>
    </testcase>
  </testsuite>
</testsuites>